0 verbose cli D:\download\nodejs\node.exe D:\download\nodejs\node_modules\npm\bin\npm-cli.js
1 info using npm@11.16.0
2 info using node@v24.18.0
3 silly config load:file:D:\download\nodejs\node_modules\npm\npmrc
4 silly config load:file:C:\Users\Administrator\AppData\Local\Microsoft\TypeScript\5.8\.npmrc
5 silly config load:file:C:\Users\Administrator\.npmrc
6 silly config load:file:D:\download\nodejs\node_global\etc\npmrc
7 verbose title npm install @types/react@ts5.8
8 verbose argv "install" "--ignore-scripts" "@types/react@ts5.8" "--save-dev" "--user-agent" "typesInstaller/5.8.3"
9 verbose logfile logs-max:10 dir:d:\download\game\creator-exam-3d\.npm-cache\_logs\2026-07-07T07_33_30_738Z-
10 verbose logfile d:\download\game\creator-exam-3d\.npm-cache\_logs\2026-07-07T07_33_30_738Z-debug-0.log
11 silly logfile done cleaning log files
12 silly packumentCache heap:4496293888 maxSize:1124073472 maxEntrySize:562036736
13 silly packumentCache corgi:https://registry.npmjs.org/@types%2freact cache-miss
14 http fetch GET 200 https://registry.npmjs.org/@types%2freact 529ms (cache miss)
15 silly packumentCache corgi:https://registry.npmjs.org/@types%2freact set size:undefined disposed:false
16 silly idealTree buildDeps
17 silly fetch manifest @types/react@19.2.17
18 silly packumentCache full:https://registry.npmjs.org/@types%2freact cache-miss
19 http fetch GET 200 https://registry.npmjs.org/@types%2freact 222ms (cache miss)
20 silly packumentCache full:https://registry.npmjs.org/@types%2freact set size:undefined disposed:false
21 silly placeDep ROOT @types/react@19.2.17 OK for:  want: 19.2.17
22 silly fetch manifest csstype@^3.2.2
23 silly packumentCache full:https://registry.npmjs.org/csstype cache-miss
24 http fetch GET 200 https://registry.npmjs.org/csstype 96ms (cache miss)
25 silly packumentCache full:https://registry.npmjs.org/csstype set size:undefined disposed:false
26 silly placeDep ROOT csstype@3.2.3 OK for: @types/react@19.2.17 want: ^3.2.2
27 silly reify moves {}
28 silly audit bulk request {
28 silly audit   'types-registry': [ '0.1.777' ],
28 silly audit   '@types/react': [ '19.2.17' ],
28 silly audit   csstype: [ '3.2.3' ]
28 silly audit }
29 http cache @types/react@https://registry.npmjs.org/@types/react/-/react-19.2.17.tgz 0ms (cache hit)
30 http cache csstype@https://registry.npmjs.org/csstype/-/csstype-3.2.3.tgz 0ms (cache hit)
31 silly tarball no local data for @types/react@https://registry.npmjs.org/@types/react/-/react-19.2.17.tgz. Extracting by manifest.
32 silly tarball no local data for csstype@https://registry.npmjs.org/csstype/-/csstype-3.2.3.tgz. Extracting by manifest.
33 http fetch POST 200 https://registry.npmjs.org/-/npm/v1/security/advisories/bulk 233ms
34 silly audit report {}
35 http fetch GET 200 https://registry.npmjs.org/@types/react/-/react-19.2.17.tgz 356ms (cache miss)
36 http fetch GET 200 https://registry.npmjs.org/csstype/-/csstype-3.2.3.tgz 415ms (cache miss)
37 silly ADD node_modules/csstype
38 silly ADD node_modules/@types/react
39 verbose cwd C:\Users\Administrator\AppData\Local\Microsoft\TypeScript\5.8
40 verbose os Windows_NT 10.0.26200
41 verbose node v24.18.0
42 verbose npm  v11.16.0
43 verbose exit 0
44 info ok
