0 verbose cli D:\download\nodejs\node.exe D:\download\nodejs\node_modules\npm\bin\npm-cli.js
1 info using npm@11.16.0
2 info using node@v24.18.0
3 silly config load:file:D:\download\nodejs\node_modules\npm\npmrc
4 silly config load:file:C:\Users\Administrator\AppData\Local\Microsoft\TypeScript\5.8\.npmrc
5 silly config load:file:C:\Users\Administrator\.npmrc
6 silly config load:file:D:\download\nodejs\node_global\etc\npmrc
7 verbose title npm install @types/three@ts5.8
8 verbose argv "install" "--ignore-scripts" "@types/three@ts5.8" "--save-dev" "--user-agent" "typesInstaller/5.8.3"
9 verbose logfile logs-max:10 dir:d:\download\game\creator-exam-3d\.npm-cache\_logs\2026-07-08T04_54_03_749Z-
10 verbose logfile d:\download\game\creator-exam-3d\.npm-cache\_logs\2026-07-08T04_54_03_749Z-debug-0.log
11 silly logfile start cleaning logs, removing 1 files
12 silly logfile done cleaning log files
13 silly packumentCache heap:4496293888 maxSize:1124073472 maxEntrySize:562036736
14 silly packumentCache corgi:https://registry.npmjs.org/@types%2fthree cache-miss
15 http fetch GET 200 https://registry.npmjs.org/@types%2fthree 646ms (cache revalidated)
16 silly packumentCache corgi:https://registry.npmjs.org/@types%2fthree set size:239173 disposed:false
17 silly idealTree buildDeps
18 silly fetch manifest @types/three@0.185.0
19 silly packumentCache full:https://registry.npmjs.org/@types%2fthree cache-miss
20 http fetch GET 200 https://registry.npmjs.org/@types%2fthree 112ms (cache revalidated)
21 silly packumentCache full:https://registry.npmjs.org/@types%2fthree set size:643691 disposed:false
22 silly placeDep ROOT @types/three@0.185.0 REPLACE for:  want: 0.185.0
23 silly reify moves {}
24 silly audit bulk request {
24 silly audit   '@dimforge/rapier3d-compat': [ '0.12.0' ],
24 silly audit   '@tweenjs/tween.js': [ '23.1.3' ],
24 silly audit   '@types/node': [ '26.1.0' ],
24 silly audit   '@types/react': [ '19.2.17' ],
24 silly audit   '@types/stats.js': [ '0.17.4' ],
24 silly audit   '@types/webxr': [ '0.5.24' ],
24 silly audit   csstype: [ '3.2.3' ],
24 silly audit   fflate: [ '0.8.3' ],
24 silly audit   meshoptimizer: [ '1.1.1' ],
24 silly audit   'types-registry': [ '0.1.777' ],
24 silly audit   'undici-types': [ '8.3.0' ],
24 silly audit   '@types/three': [ '0.185.0' ]
24 silly audit }
25 http fetch POST 200 https://registry.npmjs.org/-/npm/v1/security/advisories/bulk 230ms
26 silly audit report {}
27 verbose cwd C:\Users\Administrator\AppData\Local\Microsoft\TypeScript\5.8
28 verbose os Windows_NT 10.0.26200
29 verbose node v24.18.0
30 verbose npm  v11.16.0
31 verbose exit 0
32 info ok
