0 verbose cli D:\download\nodejs\node.exe D:\download\nodejs\node_modules\npm\bin\npm-cli.js
1 info using npm@11.16.0
2 info using node@v24.18.0
3 silly config load:file:D:\download\nodejs\node_modules\npm\npmrc
4 silly config load:file:C:\Users\Administrator\AppData\Local\Microsoft\TypeScript\5.8\.npmrc
5 silly config load:file:C:\Users\Administrator\.npmrc
6 silly config load:file:D:\download\nodejs\node_global\etc\npmrc
7 verbose title npm install types-registry@latest
8 verbose argv "install" "--ignore-scripts" "types-registry@latest"
9 verbose logfile logs-max:10 dir:d:\download\game\creator-exam-3d\.npm-cache\_logs\2026-07-07T07_33_28_656Z-
10 verbose logfile d:\download\game\creator-exam-3d\.npm-cache\_logs\2026-07-07T07_33_28_656Z-debug-0.log
11 silly logfile done cleaning log files
12 silly packumentCache heap:4496293888 maxSize:1124073472 maxEntrySize:562036736
13 silly packumentCache corgi:https://registry.npmjs.org/types-registry cache-miss
14 http fetch GET 200 https://registry.npmjs.org/types-registry 490ms (cache miss)
15 silly packumentCache corgi:https://registry.npmjs.org/types-registry set size:undefined disposed:false
16 silly idealTree buildDeps
17 silly fetch manifest types-registry@0.1.777
18 silly packumentCache full:https://registry.npmjs.org/types-registry cache-miss
19 http fetch GET 200 https://registry.npmjs.org/types-registry 188ms (cache miss)
20 silly packumentCache full:https://registry.npmjs.org/types-registry set size:undefined disposed:false
21 silly placeDep ROOT types-registry@0.1.777 OK for:  want: 0.1.777
22 silly reify moves {}
23 silly audit bulk request { 'types-registry': [ '0.1.777' ] }
24 http cache types-registry@https://registry.npmjs.org/types-registry/-/types-registry-0.1.777.tgz 0ms (cache hit)
25 silly tarball no local data for types-registry@https://registry.npmjs.org/types-registry/-/types-registry-0.1.777.tgz. Extracting by manifest.
26 http fetch POST 200 https://registry.npmjs.org/-/npm/v1/security/advisories/bulk 283ms
27 silly audit report {}
28 http fetch GET 200 https://registry.npmjs.org/types-registry/-/types-registry-0.1.777.tgz 522ms (cache miss)
29 silly ADD node_modules/types-registry
30 verbose cwd C:\Users\Administrator\AppData\Local\Microsoft\TypeScript\5.8
31 verbose os Windows_NT 10.0.26200
32 verbose node v24.18.0
33 verbose npm  v11.16.0
34 verbose exit 0
35 info ok
