0 verbose cli D:\download\nodejs\node.exe D:\download\nodejs\node_modules\npm\bin\npm-cli.js
1 info using npm@11.16.0
2 info using node@v24.18.0
3 silly config load:file:D:\download\nodejs\node_modules\npm\npmrc
4 silly config load:file:C:\Users\Administrator\AppData\Local\Microsoft\TypeScript\5.8\.npmrc
5 silly config load:file:C:\Users\Administrator\.npmrc
6 silly config load:file:D:\download\nodejs\node_global\etc\npmrc
7 verbose title npm install @types/three@ts5.8
8 verbose argv "install" "--ignore-scripts" "@types/three@ts5.8" "--save-dev" "--user-agent" "typesInstaller/5.8.3"
9 verbose logfile logs-max:10 dir:d:\download\game\creator-exam-3d\.npm-cache\_logs\2026-07-07T10_36_19_630Z-
10 verbose logfile d:\download\game\creator-exam-3d\.npm-cache\_logs\2026-07-07T10_36_19_630Z-debug-0.log
11 silly logfile done cleaning log files
12 silly packumentCache heap:4496293888 maxSize:1124073472 maxEntrySize:562036736
13 silly packumentCache corgi:https://registry.npmjs.org/@types%2fthree cache-miss
14 http fetch GET 200 https://registry.npmjs.org/@types%2fthree 400ms (cache miss)
15 silly packumentCache corgi:https://registry.npmjs.org/@types%2fthree set size:undefined disposed:false
16 silly idealTree buildDeps
17 silly fetch manifest @types/three@0.185.0
18 silly packumentCache full:https://registry.npmjs.org/@types%2fthree cache-miss
19 http fetch GET 200 https://registry.npmjs.org/@types%2fthree 169ms (cache miss)
20 silly packumentCache full:https://registry.npmjs.org/@types%2fthree set size:undefined disposed:false
21 silly placeDep ROOT @types/three@0.185.0 OK for:  want: 0.185.0
22 silly fetch manifest fflate@~0.8.2
23 silly packumentCache full:https://registry.npmjs.org/fflate cache-miss
24 silly fetch manifest @types/webxr@>=0.5.17
25 silly packumentCache full:https://registry.npmjs.org/@types%2fwebxr cache-miss
26 silly fetch manifest meshoptimizer@~1.1.1
27 silly packumentCache full:https://registry.npmjs.org/meshoptimizer cache-miss
28 silly fetch manifest @types/stats.js@*
29 silly packumentCache full:https://registry.npmjs.org/@types%2fstats.js cache-miss
30 silly fetch manifest @tweenjs/tween.js@~23.1.3
31 silly packumentCache full:https://registry.npmjs.org/@tweenjs%2ftween.js cache-miss
32 silly fetch manifest @dimforge/rapier3d-compat@~0.12.0
33 silly packumentCache full:https://registry.npmjs.org/@dimforge%2frapier3d-compat cache-miss
34 http fetch GET 200 https://registry.npmjs.org/fflate 95ms (cache miss)
35 silly packumentCache full:https://registry.npmjs.org/fflate set size:undefined disposed:false
36 http fetch GET 200 https://registry.npmjs.org/@types%2fstats.js 301ms (cache miss)
37 silly packumentCache full:https://registry.npmjs.org/@types%2fstats.js set size:undefined disposed:false
38 http fetch GET 200 https://registry.npmjs.org/meshoptimizer 302ms (cache miss)
39 silly packumentCache full:https://registry.npmjs.org/meshoptimizer set size:undefined disposed:false
40 http fetch GET 200 https://registry.npmjs.org/@types%2fwebxr 305ms (cache miss)
41 silly packumentCache full:https://registry.npmjs.org/@types%2fwebxr set size:undefined disposed:false
42 http fetch GET 200 https://registry.npmjs.org/@tweenjs%2ftween.js 326ms (cache miss)
43 silly packumentCache full:https://registry.npmjs.org/@tweenjs%2ftween.js set size:undefined disposed:false
44 http fetch GET 200 https://registry.npmjs.org/@dimforge%2frapier3d-compat 377ms (cache miss)
45 silly packumentCache full:https://registry.npmjs.org/@dimforge%2frapier3d-compat set size:undefined disposed:false
46 silly placeDep ROOT @dimforge/rapier3d-compat@0.12.0 OK for: @types/three@0.185.0 want: ~0.12.0
47 silly placeDep ROOT @tweenjs/tween.js@23.1.3 OK for: @types/three@0.185.0 want: ~23.1.3
48 silly placeDep ROOT @types/stats.js@0.17.4 OK for: @types/three@0.185.0 want: *
49 silly placeDep ROOT @types/webxr@0.5.24 OK for: @types/three@0.185.0 want: >=0.5.17
50 silly placeDep ROOT fflate@0.8.3 OK for: @types/three@0.185.0 want: ~0.8.2
51 silly placeDep ROOT meshoptimizer@1.1.1 OK for: @types/three@0.185.0 want: ~1.1.1
52 silly reify moves {}
53 silly audit bulk request {
53 silly audit   '@types/node': [ '26.1.0' ],
53 silly audit   '@types/react': [ '19.2.17' ],
53 silly audit   csstype: [ '3.2.3' ],
53 silly audit   'types-registry': [ '0.1.777' ],
53 silly audit   'undici-types': [ '8.3.0' ],
53 silly audit   '@types/three': [ '0.185.0' ],
53 silly audit   '@dimforge/rapier3d-compat': [ '0.12.0' ],
53 silly audit   '@tweenjs/tween.js': [ '23.1.3' ],
53 silly audit   '@types/stats.js': [ '0.17.4' ],
53 silly audit   '@types/webxr': [ '0.5.24' ],
53 silly audit   fflate: [ '0.8.3' ],
53 silly audit   meshoptimizer: [ '1.1.1' ]
53 silly audit }
54 http cache meshoptimizer@https://registry.npmjs.org/meshoptimizer/-/meshoptimizer-1.1.1.tgz 0ms (cache hit)
55 http cache @types/webxr@https://registry.npmjs.org/@types/webxr/-/webxr-0.5.24.tgz 0ms (cache hit)
56 http cache @types/stats.js@https://registry.npmjs.org/@types/stats.js/-/stats.js-0.17.4.tgz 0ms (cache hit)
57 http cache fflate@https://registry.npmjs.org/fflate/-/fflate-0.8.3.tgz 0ms (cache hit)
58 silly tarball no local data for meshoptimizer@https://registry.npmjs.org/meshoptimizer/-/meshoptimizer-1.1.1.tgz. Extracting by manifest.
59 silly tarball no local data for @types/webxr@https://registry.npmjs.org/@types/webxr/-/webxr-0.5.24.tgz. Extracting by manifest.
60 silly tarball no local data for @types/stats.js@https://registry.npmjs.org/@types/stats.js/-/stats.js-0.17.4.tgz. Extracting by manifest.
61 silly tarball no local data for fflate@https://registry.npmjs.org/fflate/-/fflate-0.8.3.tgz. Extracting by manifest.
62 http cache @dimforge/rapier3d-compat@https://registry.npmjs.org/@dimforge/rapier3d-compat/-/rapier3d-compat-0.12.0.tgz 0ms (cache hit)
63 http cache @types/three@https://registry.npmjs.org/@types/three/-/three-0.185.0.tgz 0ms (cache hit)
64 http cache @tweenjs/tween.js@https://registry.npmjs.org/@tweenjs/tween.js/-/tween.js-23.1.3.tgz 0ms (cache hit)
65 silly tarball no local data for @dimforge/rapier3d-compat@https://registry.npmjs.org/@dimforge/rapier3d-compat/-/rapier3d-compat-0.12.0.tgz. Extracting by manifest.
66 silly tarball no local data for @types/three@https://registry.npmjs.org/@types/three/-/three-0.185.0.tgz. Extracting by manifest.
67 silly tarball no local data for @tweenjs/tween.js@https://registry.npmjs.org/@tweenjs/tween.js/-/tween.js-23.1.3.tgz. Extracting by manifest.
68 http fetch GET 200 https://registry.npmjs.org/@types/stats.js/-/stats.js-0.17.4.tgz 119ms (cache miss)
69 http fetch GET 200 https://registry.npmjs.org/@types/webxr/-/webxr-0.5.24.tgz 130ms (cache miss)
70 http fetch GET 200 https://registry.npmjs.org/meshoptimizer/-/meshoptimizer-1.1.1.tgz 174ms (cache miss)
71 http fetch GET 200 https://registry.npmjs.org/fflate/-/fflate-0.8.3.tgz 191ms (cache miss)
72 http fetch POST 200 https://registry.npmjs.org/-/npm/v1/security/advisories/bulk 222ms
73 silly audit report {}
74 http fetch GET 200 https://registry.npmjs.org/@tweenjs/tween.js/-/tween.js-23.1.3.tgz 338ms (cache miss)
75 http fetch GET 200 https://registry.npmjs.org/@dimforge/rapier3d-compat/-/rapier3d-compat-0.12.0.tgz 580ms (cache miss)
76 http fetch GET 200 https://registry.npmjs.org/@types/three/-/three-0.185.0.tgz 2171ms (cache miss)
77 silly ADD node_modules/meshoptimizer
78 silly ADD node_modules/fflate
79 silly ADD node_modules/@types/webxr
80 silly ADD node_modules/@types/stats.js
81 silly ADD node_modules/@tweenjs/tween.js
82 silly ADD node_modules/@dimforge/rapier3d-compat
83 silly ADD node_modules/@types/three
84 verbose cwd C:\Users\Administrator\AppData\Local\Microsoft\TypeScript\5.8
85 verbose os Windows_NT 10.0.26200
86 verbose node v24.18.0
87 verbose npm  v11.16.0
88 verbose exit 0
89 info ok
